C:\MMC_SYSINT\MASTER\MASTER\DEBUG\MASTER.PCH
C:\MMC_SYSINT\MASTER\MASTER\DEBUG\STDAFX.OBJ
C:\MMC_SYSINT\MASTER\MASTER\DEBUG\VC110.PDB
C:\MMC_SYSINT\MASTER\MASTER\DEBUG\EDMSCANPLOTDLG.OBJ
C:\MMC_SYSINT\MASTER\MASTER\DEBUG\LOOPCTRLUIDLG.OBJ
C:\MMC_SYSINT\MASTER\MASTER\DEBUG\MAGNETOMETRYDLG.OBJ
C:\MMC_SYSINT\MASTER\MASTER\DEBUG\MAGNETOMETRYGRADDLG.OBJ
C:\MMC_SYSINT\MASTER\MASTER\DEBUG\MASTER.OBJ
C:\MMC_SYSINT\MASTER\MASTER\DEBUG\NTGRAPHCTRL.OBJ
C:\MMC_SYSINT\MASTER\MASTER\DEBUG\PARASWEEPDLG.OBJ
C:\MMC_SYSINT\MASTER\MASTER\DEBUG\SPINPACKSWP.OBJ
C:\MMC_SYSINT\MASTER\MASTER\DEBUG\STATEMAPDLG.OBJ
C:\MMC_SYSINT\MASTER\MASTER\Debug\EDMSCANPlotDlg.obj
C:\MMC_SYSINT\MASTER\MASTER\Debug\LoopCtrlUIDlg.obj
C:\MMC_SYSINT\MASTER\MASTER\Debug\MagnetometryDlg.obj
C:\MMC_SYSINT\MASTER\MASTER\Debug\MagnetometryGradDlg.obj
C:\MMC_SYSINT\MASTER\MASTER\Debug\MASTER.obj
C:\MMC_SYSINT\MASTER\MASTER\Debug\ntgraphctrl.obj
C:\MMC_SYSINT\MASTER\MASTER\Debug\ParaSweepDlg.obj
C:\MMC_SYSINT\MASTER\MASTER\Debug\SpinPackSWP.obj
C:\MMC_SYSINT\MASTER\MASTER\Debug\StateMapDlg.obj
C:\MMC_SYSINT\MASTER\MASTER\Debug\stdafx.obj
C:\MMC_SYSINT\MASTER\MASTER\Debug\cl.command.1.tlog
C:\MMC_SYSINT\MASTER\MASTER\Debug\CL.read.1.tlog
C:\MMC_SYSINT\MASTER\MASTER\Debug\CL.write.1.tlog
C:\MMC_SYSINT\MASTER\MASTER\Debug\MASTER.pch
C:\MMC_SYSINT\MASTER\MASTER\Debug\vc110.idb
C:\MMC_SYSINT\MASTER\MASTER\Debug\vc110.pdb
